{"level":"info","message":"Database connected successfully","timestamp":"2026-01-11 19:34:32"}
{"level":"info","message":"Database connected successfully","timestamp":"2026-01-11 19:36:14"}
{"level":"info","message":"Database connected successfully","timestamp":"2026-01-11 19:37:10"}
{"level":"info","message":"Database connected successfully","timestamp":"2026-01-11 20:24:04"}
{"level":"info","message":"Database connected successfully","timestamp":"2026-01-11 20:24:35"}
{"level":"info","message":"Database connected successfully","timestamp":"2026-01-11 20:25:21"}
{"level":"info","message":"Database connected successfully","timestamp":"2026-01-12 17:30:41"}
{"level":"info","message":"Database connected successfully","timestamp":"2026-01-12 17:31:12"}
{"level":"info","message":"Database connected successfully","timestamp":"2026-01-12 17:32:04"}
{"level":"info","message":"Database connected successfully","timestamp":"2026-01-12 17:32:19"}
{"level":"info","message":"Database connected successfully","timestamp":"2026-01-12 17:33:19"}
{"level":"info","message":"Database connected successfully","timestamp":"2026-01-12 17:33:38"}
{"level":"info","message":"Database connected successfully","timestamp":"2026-01-12 17:34:47"}
{"level":"info","message":"Database connected successfully","timestamp":"2026-01-12 17:35:10"}
{"level":"info","message":"Database connected successfully","timestamp":"2026-01-12 17:38:23"}
{"level":"info","message":"Database connected successfully","timestamp":"2026-01-12 17:39:00"}
{"level":"info","message":"Database connected successfully","timestamp":"2026-01-12 17:39:53"}
{"level":"info","message":"Database connected successfully","timestamp":"2026-01-12 17:42:58"}
{"level":"info","message":"Database connected successfully","timestamp":"2026-01-12 17:45:59"}
{"level":"info","message":"Database connected successfully","timestamp":"2026-01-12 17:48:19"}
{"level":"info","message":"Database connected successfully","timestamp":"2026-01-12 18:02:11"}
{"level":"info","message":"Database connected successfully","timestamp":"2026-01-12 18:03:25"}
{"level":"info","message":"Database connected successfully","timestamp":"2026-01-12 18:05:38"}
{"level":"info","message":"Database connected successfully","timestamp":"2026-01-12 18:24:33"}
{"level":"info","message":"Database connected successfully","timestamp":"2026-01-12 18:29:38"}
{"level":"info","message":"Database connected successfully","timestamp":"2026-01-12 18:46:21"}
{"level":"info","message":"Database connected successfully","timestamp":"2026-01-12 18:47:31"}
{"level":"info","message":"Database connected successfully","timestamp":"2026-01-12 18:48:14"}
{"level":"info","message":"Database connected successfully","timestamp":"2026-01-12 18:49:28"}
{"level":"info","message":"Database connected successfully","timestamp":"2026-01-12 19:37:43"}
{"level":"info","message":"Database connected successfully","timestamp":"2026-01-12 19:41:43"}
{"level":"info","message":"Database connected successfully","timestamp":"2026-01-12 19:47:22"}
{"level":"info","message":"Database connected successfully","timestamp":"2026-01-12 19:47:37"}
{"level":"error","message":"POST /api/auth/logout - Cannot destructure property 'refreshToken' of 'req.body' as it is undefined.","stack":"TypeError: Cannot destructure property 'refreshToken' of 'req.body' as it is undefined.\n    at C:\\nodejs\\holdMyTrip\\backend\\src\\controllers\\authController.js:125:11\n    at C:\\nodejs\\holdMyTrip\\backend\\src\\utils\\catchAsync.js:3:5\n    at Layer.handleRequest (C:\\nodejs\\holdMyTrip\\backend\\node_modules\\router\\lib\\layer.js:152:17)\n    at next (C:\\nodejs\\holdMyTrip\\backend\\node_modules\\router\\lib\\route.js:157:13)\n    at C:\\nodejs\\holdMyTrip\\backend\\node_modules\\express-rate-limit\\dist\\index.cjs:942:7\n    at async C:\\nodejs\\holdMyTrip\\backend\\node_modules\\express-rate-limit\\dist\\index.cjs:825:5","timestamp":"2026-01-12 19:49:03"}
{"level":"error","message":"POST /api/auth/logout - Cannot destructure property 'refreshToken' of 'req.body' as it is undefined.","stack":"TypeError: Cannot destructure property 'refreshToken' of 'req.body' as it is undefined.\n    at C:\\nodejs\\holdMyTrip\\backend\\src\\controllers\\authController.js:125:11\n    at C:\\nodejs\\holdMyTrip\\backend\\src\\utils\\catchAsync.js:3:5\n    at Layer.handleRequest (C:\\nodejs\\holdMyTrip\\backend\\node_modules\\router\\lib\\layer.js:152:17)\n    at next (C:\\nodejs\\holdMyTrip\\backend\\node_modules\\router\\lib\\route.js:157:13)\n    at C:\\nodejs\\holdMyTrip\\backend\\node_modules\\express-rate-limit\\dist\\index.cjs:942:7\n    at async C:\\nodejs\\holdMyTrip\\backend\\node_modules\\express-rate-limit\\dist\\index.cjs:825:5","timestamp":"2026-01-12 19:53:18"}
{"level":"error","message":"POST /api/auth/logout - Cannot destructure property 'refreshToken' of 'req.body' as it is undefined.","stack":"TypeError: Cannot destructure property 'refreshToken' of 'req.body' as it is undefined.\n    at C:\\nodejs\\holdMyTrip\\backend\\src\\controllers\\authController.js:125:11\n    at C:\\nodejs\\holdMyTrip\\backend\\src\\utils\\catchAsync.js:3:5\n    at Layer.handleRequest (C:\\nodejs\\holdMyTrip\\backend\\node_modules\\router\\lib\\layer.js:152:17)\n    at next (C:\\nodejs\\holdMyTrip\\backend\\node_modules\\router\\lib\\route.js:157:13)\n    at C:\\nodejs\\holdMyTrip\\backend\\node_modules\\express-rate-limit\\dist\\index.cjs:942:7\n    at async C:\\nodejs\\holdMyTrip\\backend\\node_modules\\express-rate-limit\\dist\\index.cjs:825:5","timestamp":"2026-01-12 19:53:21"}
{"level":"error","message":"POST /api/auth/logout - Expected double-quoted property name in JSON at position 199 (line 3 column 1)","stack":"SyntaxError: Expected double-quoted property name in JSON at position 199 (line 3 column 1)\n    at JSON.parse (<anonymous>)\n    at parse (C:\\nodejs\\holdMyTrip\\backend\\node_modules\\body-parser\\lib\\types\\json.js:72:19)\n    at C:\\nodejs\\holdMyTrip\\backend\\node_modules\\body-parser\\lib\\read.js:162:18\n    at AsyncResource.runInAsyncScope (node:async_hooks:214:14)\n    at invokeCallback (C:\\nodejs\\holdMyTrip\\backend\\node_modules\\raw-body\\index.js:238:16)\n    at done (C:\\nodejs\\holdMyTrip\\backend\\node_modules\\raw-body\\index.js:227:7)\n    at IncomingMessage.onEnd (C:\\nodejs\\holdMyTrip\\backend\\node_modules\\raw-body\\index.js:287:7)\n    at IncomingMessage.emit (node:events:519:28)\n    at endReadableNT (node:internal/streams/readable:1698:12)\n    at process.processTicksAndRejections (node:internal/process/task_queues:90:21)","timestamp":"2026-01-12 19:53:36"}
{"level":"error","message":"POST /api/auth/refresh-token - Invalid refresh token","stack":"Error: Invalid refresh token\n    at C:\\nodejs\\holdMyTrip\\backend\\src\\controllers\\authController.js:112:17\n    at process.processTicksAndRejections (node:internal/process/task_queues:105:5)","timestamp":"2026-01-12 19:54:02"}
{"level":"error","message":"POST /api/auth/refresh-token - Cannot destructure property 'refreshToken' of 'req.body' as it is undefined.","stack":"TypeError: Cannot destructure property 'refreshToken' of 'req.body' as it is undefined.\n    at C:\\nodejs\\holdMyTrip\\backend\\src\\controllers\\authController.js:96:11\n    at C:\\nodejs\\holdMyTrip\\backend\\src\\utils\\catchAsync.js:3:5\n    at Layer.handleRequest (C:\\nodejs\\holdMyTrip\\backend\\node_modules\\router\\lib\\layer.js:152:17)\n    at next (C:\\nodejs\\holdMyTrip\\backend\\node_modules\\router\\lib\\route.js:157:13)\n    at C:\\nodejs\\holdMyTrip\\backend\\node_modules\\express-rate-limit\\dist\\index.cjs:942:7\n    at process.processTicksAndRejections (node:internal/process/task_queues:105:5)\n    at async C:\\nodejs\\holdMyTrip\\backend\\node_modules\\express-rate-limit\\dist\\index.cjs:825:5","timestamp":"2026-01-12 19:54:19"}
{"level":"error","message":"POST /api/auth/refresh-token - Cannot destructure property 'refreshToken' of 'req.body' as it is undefined.","stack":"TypeError: Cannot destructure property 'refreshToken' of 'req.body' as it is undefined.\n    at C:\\nodejs\\holdMyTrip\\backend\\src\\controllers\\authController.js:96:11\n    at C:\\nodejs\\holdMyTrip\\backend\\src\\utils\\catchAsync.js:3:5\n    at Layer.handleRequest (C:\\nodejs\\holdMyTrip\\backend\\node_modules\\router\\lib\\layer.js:152:17)\n    at next (C:\\nodejs\\holdMyTrip\\backend\\node_modules\\router\\lib\\route.js:157:13)\n    at C:\\nodejs\\holdMyTrip\\backend\\node_modules\\express-rate-limit\\dist\\index.cjs:942:7\n    at process.processTicksAndRejections (node:internal/process/task_queues:105:5)\n    at async C:\\nodejs\\holdMyTrip\\backend\\node_modules\\express-rate-limit\\dist\\index.cjs:825:5","timestamp":"2026-01-12 19:54:22"}
